<?xml version="1.0" encoding="UTF-8"?>
<testng-results skipped="0" failed="0" ignored="0" total="1" passed="1">
  <reporter-output>
  </reporter-output>
  <suite name="Suite" duration-ms="63" started-at="2018-10-12T02:43:23Z" finished-at="2018-10-12T02:43:23Z">
    <groups>
    </groups>
    <test name="Test" duration-ms="63" started-at="2018-10-12T02:43:23Z" finished-at="2018-10-12T02:43:23Z">
      <class name="com.dataDriven.Test.ParameterTest">
        <test-method status="PASS" signature="parameter(java.lang.String)[pri:0, instance:com.dataDriven.Test.ParameterTest@53b32d7]" name="parameter" duration-ms="15" started-at="2018-10-12T02:43:23Z" finished-at="2018-10-12T02:43:23Z">
          <params>
            <param index="0">
              <value>
                <![CDATA[raj]]>
              </value>
            </param>
          </params>
          <reporter-output>
          </reporter-output>
        </test-method> <!-- parameter -->
      </class> <!-- com.dataDriven.Test.ParameterTest -->
    </test> <!-- Test -->
  </suite> <!-- Suite -->
</testng-results>
